13:06:08.149 [debug] Child {XPLoggerFileBackend, :general_log} of Supervisor Logger.Backends.Supervisor started
Pid: #PID<0.102.0>
Start Call: Logger.Backends.Watcher.start_link({{XPLoggerFileBackend, :general_log}, {XPLoggerFileBackend, :general_log}})
Restart: :transient
Shutdown: 5000
Type: :worker
13:06:08.149 [info] Child Logger.Backends.Supervisor of Supervisor Logger.Backends.Internal started
Pid: #PID<0.101.0>
Start Call: Logger.Backends.Supervisor.start_link([{XPLoggerFileBackend, :general_log}])
Restart: :permanent
Shutdown: :infinity
Type: :supervisor
13:06:08.150 [info] Child Logger.Backends.Internal of Supervisor Logger.Supervisor started
Pid: #PID<0.97.0>
Start Call: Logger.Backends.Internal.start_link([])
Restart: :permanent
Shutdown: :infinity
Type: :supervisor
13:06:08.150 [info] Application logger started at :nonode@nohost
13:06:08.150 [info] Application xp_mime started at :nonode@nohost
13:06:08.150 [info] Application xp_hpax started at :nonode@nohost
13:06:08.150 [info] Application crypto started at :nonode@nohost
13:06:08.150 [info] Application asn1 started at :nonode@nohost
13:06:08.150 [info] Application public_key started at :nonode@nohost
13:06:08.151 [debug] Child :ssl_handler of Supervisor :logger_sup started
Pid: #PID<0.107.0>
Start Call: :logger_olp.start_link(:logger_std_h_ssl_handler, :logger_h_common, %{id: :ssl_handler, module: :logger_std_h, config: %{type: :standard_io, filesync_repeat_interval: :no_repeat}, level: :debug, filter_default: :stop, filters: [], formatter: {:ssl_logger, %{}}}, %{})
Restart: :temporary
Shutdown: 2000
Type: :worker
13:06:08.155 [info] Child :ssl_pem_cache of Supervisor :ssl_admin_sup started
Pid: #PID<0.111.0>
Start Call: :ssl_pem_cache.start_link([])
Restart: :permanent
Shutdown: 4000
Type: :worker
13:06:08.157 [info] Child :ssl_manager of Supervisor :ssl_admin_sup started
Pid: #PID<0.112.0>
Start Call: :ssl_manager.start_link([])
Restart: :permanent
Shutdown: 4000
Type: :worker
13:06:08.157 [info] Child :tls_client_ticket_store of Supervisor :ssl_admin_sup started
Pid: #PID<0.113.0>
Start Call: :tls_client_ticket_store.start_link(1000, 7200)
Restart: :permanent
Shutdown: 4000
Type: :worker
13:06:08.157 [info] Child :ssl_admin_sup of Supervisor :ssl_sup started
Pid: #PID<0.110.0>
Start Call: :ssl_admin_sup.start_link()
Restart: :permanent
Shutdown: 4000
Type: :supervisor
13:06:08.158 [info] Child :tls_connection_sup of Supervisor :tls_sup started
Pid: #PID<0.116.0>
Start Call: :tls_connection_sup.start_link()
Restart: :permanent
Shutdown: 4000
Type: :supervisor
13:06:08.159 [info] Child :ssl_listen_tracker_sup of Supervisor :tls_server_sup started
Pid: #PID<0.118.0>
Start Call: :ssl_listen_tracker_sup.start_link()
Restart: :permanent
Shutdown: 4000
Type: :supervisor
13:06:08.159 [info] Child :tls_server_session_ticket of Supervisor :tls_server_sup started
Pid: #PID<0.119.0>
Start Call: :tls_server_session_ticket_sup.start_link()
Restart: :permanent
Shutdown: 4000
Type: :supervisor
13:06:08.160 [info] Child :ssl_server_session_cache_sup of Supervisor :tls_server_sup started
Pid: #PID<0.120.0>
Start Call: :ssl_server_session_cache_sup.start_link()
Restart: :permanent
Shutdown: 4000
Type: :supervisor
13:06:08.161 [info] Child :ssl_upgrade_server_session_cache_sup of Supervisor :tls_server_sup started
Pid: #PID<0.121.0>
Start Call: :ssl_upgrade_server_session_cache_sup.start_link()
Restart: :permanent
Shutdown: 4000
Type: :supervisor
13:06:08.161 [info] Child :tls_server_sup of Supervisor :tls_sup started
Pid: #PID<0.117.0>
Start Call: :tls_server_sup.start_link()
Restart: :permanent
Shutdown: 4000
Type: :supervisor
13:06:08.161 [info] Child :tls_sup of Supervisor :ssl_connection_sup started
Pid: #PID<0.115.0>
Start Call: :tls_sup.start_link()
Restart: :permanent
Shutdown: 4000
Type: :supervisor
13:06:08.161 [info] Child :dtls_connection_sup of Supervisor :dtls_sup started
Pid: #PID<0.123.0>
Start Call: :dtls_connection_sup.start_link()
Restart: :permanent
Shutdown: 4000
Type: :supervisor
13:06:08.162 [info] Child :dtls_listener_sup of Supervisor :dtls_server_sup started
Pid: #PID<0.125.0>
Start Call: :dtls_listener_sup.start_link()
Restart: :permanent
Shutdown: 4000
Type: :supervisor
13:06:08.163 [info] Child :dtls_server_session_cache_sup of Supervisor :dtls_server_sup started
Pid: #PID<0.126.0>
Start Call: :dtls_server_session_cache_sup.start_link()
Restart: :permanent
Shutdown: 4000
Type: :supervisor
13:06:08.163 [info] Child :dtls_server_sup of Supervisor :dtls_sup started
Pid: #PID<0.124.0>
Start Call: :dtls_server_sup.start_link()
Restart: :permanent
Shutdown: 4000
Type: :supervisor
13:06:08.163 [info] Child :dtls_sup of Supervisor :ssl_connection_sup started
Pid: #PID<0.122.0>
Start Call: :dtls_sup.start_link()
Restart: :permanent
Shutdown: 4000
Type: :supervisor
13:06:08.163 [info] Child :ssl_connection_sup of Supervisor :ssl_sup started
Pid: #PID<0.114.0>
Start Call: :ssl_connection_sup.start_link()
Restart: :permanent
Shutdown: 4000
Type: :supervisor
13:06:08.163 [info] Application ssl started at :nonode@nohost
13:06:08.163 [info] Application xp_mint started at :nonode@nohost
13:06:08.163 [info] Application xp_nimble_options started at :nonode@nohost
13:06:08.165 [info] Child XPNimblePool.TaskSupervisor of Supervisor #PID<0.132.0> (Supervisor.Default) started
Pid: #PID<0.133.0>
Start Call: Task.Supervisor.start_link([name: XPNimblePool.TaskSupervisor])
Restart: :permanent
Shutdown: :infinity
Type: :supervisor
13:06:08.165 [info] Application xp_nimble_pool started at :nonode@nohost
13:06:08.167 [info] Child :telemetry_handler_table of Supervisor :telemetry_sup started
Pid: #PID<0.137.0>
Start Call: :telemetry_handler_table.start_link()
Restart: :permanent
Shutdown: 5000
Type: :worker
13:06:08.167 [info] Application xp_telemetry started at :nonode@nohost
13:06:08.167 [info] Application xp_finch started at :nonode@nohost
13:06:08.181 [info] Child XPReq.Finch.PIDPartition0 of Supervisor XPReq.Finch started
Pid: #PID<0.143.0>
Start Call: Registry.Partition.start_link(XPReq.Finch.PIDPartition0, {:duplicate, XPReq.Finch, 0, 1, XPReq.Finch.KeyPartition0, XPReq.Finch.PIDPartition0, [], false})
Restart: :permanent
Shutdown: 5000
Type: :worker
13:06:08.181 [info] Child XPReq.Finch of Supervisor XPReq.Finch.Supervisor started
Pid: #PID<0.142.0>
Start Call: Registry.start_link([keys: :duplicate, name: XPReq.Finch, meta: [config: %{pools: %{}, registry_name: XPReq.Finch, supervisor_name: XPReq.Finch.PoolSupervisor, manager_name: XPReq.Finch.PoolManager, default_pool_config: %{count: 1, size: 50, mod: XPFinch.HTTP1.Pool, conn_opts: [protocols: [:http1], transport_opts: [keepalive: true, nodelay: true, timeout: 5000], ssl_key_log_file_device: nil], pool_max_idle_time: :infinity, conn_max_idle_time: :infinity, start_pool_metrics?: false}}]])
Restart: :permanent
Shutdown: :infinity
Type: :supervisor
13:06:08.181 [info] Child XPReq.Finch.PoolSupervisor of Supervisor XPReq.Finch.Supervisor started
Pid: #PID<0.144.0>
Start Call: DynamicSupervisor.start_link([name: XPReq.Finch.PoolSupervisor, strategy: :one_for_one])
Restart: :permanent
Shutdown: :infinity
Type: :supervisor
13:06:08.181 [info] Child XPFinch.PoolManager of Supervisor XPReq.Finch.Supervisor started
Pid: #PID<0.145.0>
Start Call: XPFinch.PoolManager.start_link(%{pools: %{}, registry_name: XPReq.Finch, supervisor_name: XPReq.Finch.PoolSupervisor, manager_name: XPReq.Finch.PoolManager, default_pool_config: %{count: 1, size: 50, mod: XPFinch.HTTP1.Pool, conn_opts: [protocols: [:http1], transport_opts: [keepalive: true, nodelay: true, timeout: 5000], ssl_key_log_file_device: nil], pool_max_idle_time: :infinity, conn_max_idle_time: :infinity, start_pool_metrics?: false}})
Restart: :permanent
Shutdown: 5000
Type: :worker
13:06:08.181 [info] Child XPReq.Finch of Supervisor #PID<0.140.0> (Supervisor.Default) started
Pid: #PID<0.141.0>
Start Call: XPFinch.start_link([name: XPReq.Finch, pools: %{default: [protocols: [:http1]]}])
Restart: :permanent
Shutdown: 5000
Type: :worker
13:06:08.181 [info] Child XPReq.FinchSupervisor of Supervisor #PID<0.140.0> (Supervisor.Default) started
Pid: #PID<0.146.0>
Start Call: DynamicSupervisor.start_link([strategy: :one_for_one, name: XPReq.FinchSupervisor])
Restart: :permanent
Shutdown: :infinity
Type: :supervisor
13:06:08.181 [info] Child XPReq.Test.Ownership of Supervisor #PID<0.140.0> (Supervisor.Default) started
Pid: #PID<0.147.0>
Start Call: XPReq.Test.Ownership.start_link([name: XPReq.Test.Ownership])
Restart: :permanent
Shutdown: 5000
Type: :worker
13:06:08.181 [info] Application xp_req started at :nonode@nohost
13:06:08.181 [info] Application burrito started at :nonode@nohost
13:06:08.181 [info] Application erts started at :nonode@nohost
13:06:08.181 [info] Application xp_schematic started at :nonode@nohost
13:06:08.181 [info] Application xp_typed_struct started at :nonode@nohost
13:06:08.182 [info] Application xp_gen_lsp started at :nonode@nohost
13:06:08.188 [info] Child XPSnowflake.Generator of Supervisor #PID<0.150.0> (Supervisor.Default) started
Pid: #PID<0.151.0>
Start Call: XPSnowflake.Generator.start_link(0, 1023)
Restart: :permanent
Shutdown: 5000
Type: :worker
13:06:08.188 [info] Application xp_snowflake started at :nonode@nohost
13:06:08.188 [info] Application xp_sourceror started at :nonode@nohost
13:06:08.188 [info] Application xp_forge started at :nonode@nohost
13:06:08.188 [info] Application xp_logger_file_backend started at :nonode@nohost
13:06:08.191 [info] Child :ttb_autostart of Supervisor :runtime_tools_sup started
Pid: #PID<0.155.0>
Start Call: :ttb_autostart.start_link()
Restart: :temporary
Shutdown: 3000
Type: :worker
13:06:08.191 [info] Application runtime_tools started at :nonode@nohost
13:06:08.191 [info] Application et started at :nonode@nohost
13:06:08.191 [info] Application observer started at :nonode@nohost
13:06:08.191 [info] Application xp_path_glob started at :nonode@nohost
13:06:08.198 [info] Child XPForge.Document.Store of Supervisor XPExpert.Supervisor started
Pid: #PID<0.159.0>
Start Call: XPForge.Document.Store.start_link([derive: [analysis: &XPForge.Ast.analyze/1]])
Restart: :permanent
Shutdown: 5000
Type: :worker
13:06:08.198 [info] Child XPExpert.ProjectSupervisor of Supervisor XPExpert.Supervisor started
Pid: #PID<0.160.0>
Start Call: DynamicSupervisor.start_link([name: XPExpert.ProjectSupervisor, strategy: :one_for_one])
Restart: :permanent
Shutdown: :infinity
Type: :supervisor
13:06:08.199 [info] Child XPExpert.DynamicSupervisor of Supervisor XPExpert.Supervisor started
Pid: #PID<0.161.0>
Start Call: DynamicSupervisor.start_link([name: XPExpert.DynamicSupervisor])
Restart: :permanent
Shutdown: :infinity
Type: :supervisor
13:06:08.200 [info] Child XPGenLSP.Assigns of Supervisor XPExpert.Supervisor started
Pid: #PID<0.162.0>
Start Call: XPGenLSP.Assigns.start_link([name: XPExpert.Assigns])
Restart: :permanent
Shutdown: 5000
Type: :worker
13:06:08.200 [info] Child :expert_task_queue of Supervisor XPExpert.Supervisor started
Pid: #PID<0.163.0>
Start Call: Task.Supervisor.start_link([name: :expert_task_queue])
Restart: :permanent
Shutdown: :infinity
Type: :supervisor
13:06:08.201 [info] Child XPGenLSP.Buffer of Supervisor XPExpert.Supervisor started
Pid: #PID<0.164.0>
Start Call: XPGenLSP.Buffer.start_link([name: XPExpert.Buffer])
Restart: :permanent
Shutdown: 5000
Type: :worker
13:06:08.201 [debug] [name: XPExpert, buffer: XPExpert.Buffer, task_supervisor: :expert_task_queue, dynamic_supervisor: XPExpert.DynamicSupervisor, assigns: XPExpert.Assigns]
13:06:08.204 [info] Child XPExpert of Supervisor XPExpert.Supervisor started
Pid: #PID<0.165.0>
Start Call: XPExpert.start_link([name: XPExpert, buffer: XPExpert.Buffer, task_supervisor: :expert_task_queue, dynamic_supervisor: XPExpert.DynamicSupervisor, assigns: XPExpert.Assigns])
Restart: :permanent
Shutdown: 500
Type: :worker
13:06:08.205 [info] Application xp_expert started at :nonode@nohost
13:06:08.258 [info] Starting project at uri 
13:06:08.261 [info] Engine initialized
13:06:08.298 [debug] handled request client -> server initialize in 87ms
13:06:08.302 [debug] sent request server -> client client/registerCapability
13:06:08.313 [info] ################### opened file:///Users/richard/.iex.exs
13:06:08.313 [debug] handled notification client -> server textDocument/didOpen in 12ms
13:06:08.316 [error] ** (FunctionClauseError) no function clause matching in IO.chardata_to_string/1
    (elixir 1.17.3) lib/io.ex:696: IO.chardata_to_string(nil)
    (elixir 1.17.3) lib/path.ex:507: Path.basename/1
    (xp_forge 0.1.0-555b6b6) lib/forge/project.ex:59: XPForge.Project.name/1
    (xp_forge 0.1.0-555b6b6) lib/forge/project.ex:79: XPForge.Project.node_name/1
    (xp_expert 0.1.0-555b6b6) lib/expert/engine_api.ex:16: XPExpert.EngineApi.call/4
    (xp_expert 0.1.0-555b6b6) lib/expert/provider/handlers/document_symbols.ex:15: XPExpert.Provider.Handlers.DocumentSymbols.handle/2
    (xp_expert 0.1.0-555b6b6) lib/expert.ex:94: XPExpert.handle_request/2
    (xp_gen_lsp 0.11.1) lib/gen_lsp.ex:369: anonymous fn/2 in XPGenLSP.loop/3

13:06:08.316 [debug] handled notification client -> server initialized in 16ms
13:06:08.316 [debug] sent notification server -> client window/logMessage
13:06:09.097 [error] ** (FunctionClauseError) no function clause matching in IO.chardata_to_string/1
    (elixir 1.17.3) lib/io.ex:696: IO.chardata_to_string(nil)
    (elixir 1.17.3) lib/path.ex:507: Path.basename/1
    (xp_forge 0.1.0-555b6b6) lib/forge/project.ex:59: XPForge.Project.name/1
    (xp_forge 0.1.0-555b6b6) lib/forge/project.ex:79: XPForge.Project.node_name/1
    (xp_expert 0.1.0-555b6b6) lib/expert/engine_api.ex:16: XPExpert.EngineApi.call/4
    (xp_expert 0.1.0-555b6b6) lib/expert/provider/handlers/document_symbols.ex:15: XPExpert.Provider.Handlers.DocumentSymbols.handle/2
    (xp_expert 0.1.0-555b6b6) lib/expert.ex:94: XPExpert.handle_request/2
    (xp_gen_lsp 0.11.1) lib/gen_lsp.ex:369: anonymous fn/2 in XPGenLSP.loop/3

13:06:09.097 [debug] sent notification server -> client window/logMessage
13:06:10.530 [error] ** (FunctionClauseError) no function clause matching in IO.chardata_to_string/1
    (elixir 1.17.3) lib/io.ex:696: IO.chardata_to_string(nil)
    (elixir 1.17.3) lib/path.ex:507: Path.basename/1
    (xp_forge 0.1.0-555b6b6) lib/forge/project.ex:59: XPForge.Project.name/1
    (xp_forge 0.1.0-555b6b6) lib/forge/project.ex:79: XPForge.Project.node_name/1
    (xp_expert 0.1.0-555b6b6) lib/expert/engine_api.ex:16: XPExpert.EngineApi.call/4
    (xp_expert 0.1.0-555b6b6) lib/expert/state.ex:122: XPExpert.State.apply/2
    (xp_expert 0.1.0-555b6b6) lib/expert.ex:200: XPExpert.apply_to_state/2
    (xp_expert 0.1.0-555b6b6) lib/expert.ex:139: XPExpert.handle_notification/2

13:06:10.530 [debug] sent notification server -> client window/logMessage
13:06:10.530 [warning] client -> server notification crashed
13:06:10.907 [error] ** (FunctionClauseError) no function clause matching in IO.chardata_to_string/1
    (elixir 1.17.3) lib/io.ex:696: IO.chardata_to_string(nil)
    (elixir 1.17.3) lib/path.ex:507: Path.basename/1
    (xp_forge 0.1.0-555b6b6) lib/forge/project.ex:59: XPForge.Project.name/1
    (xp_forge 0.1.0-555b6b6) lib/forge/project.ex:79: XPForge.Project.node_name/1
    (xp_expert 0.1.0-555b6b6) lib/expert/engine_api.ex:16: XPExpert.EngineApi.call/4
    (xp_expert 0.1.0-555b6b6) lib/expert/provider/handlers/document_symbols.ex:15: XPExpert.Provider.Handlers.DocumentSymbols.handle/2
    (xp_expert 0.1.0-555b6b6) lib/expert.ex:94: XPExpert.handle_request/2
    (xp_gen_lsp 0.11.1) lib/gen_lsp.ex:369: anonymous fn/2 in XPGenLSP.loop/3

13:06:10.907 [debug] sent notification server -> client window/logMessage
13:06:12.829 [error] ** (FunctionClauseError) no function clause matching in IO.chardata_to_string/1
    (elixir 1.17.3) lib/io.ex:696: IO.chardata_to_string(nil)
    (elixir 1.17.3) lib/path.ex:507: Path.basename/1
    (xp_forge 0.1.0-555b6b6) lib/forge/project.ex:59: XPForge.Project.name/1
    (xp_forge 0.1.0-555b6b6) lib/forge/project.ex:79: XPForge.Project.node_name/1
    (xp_expert 0.1.0-555b6b6) lib/expert/engine_api.ex:16: XPExpert.EngineApi.call/4
    (xp_expert 0.1.0-555b6b6) lib/expert/provider/handlers/formatting.ex:16: XPExpert.Provider.Handlers.Formatting.handle/2
    (xp_expert 0.1.0-555b6b6) lib/expert.ex:94: XPExpert.handle_request/2
    (xp_gen_lsp 0.11.1) lib/gen_lsp.ex:369: anonymous fn/2 in XPGenLSP.loop/3

13:06:12.829 [debug] sent notification server -> client window/logMessage
13:06:12.844 [error] ** (FunctionClauseError) no function clause matching in IO.chardata_to_string/1
    (elixir 1.17.3) lib/io.ex:696: IO.chardata_to_string(nil)
    (elixir 1.17.3) lib/path.ex:507: Path.basename/1
    (xp_forge 0.1.0-555b6b6) lib/forge/project.ex:59: XPForge.Project.name/1
    (xp_forge 0.1.0-555b6b6) lib/forge/project.ex:79: XPForge.Project.node_name/1
    (xp_expert 0.1.0-555b6b6) lib/expert/engine_api.ex:16: XPExpert.EngineApi.call/4
    (xp_expert 0.1.0-555b6b6) lib/expert/state.ex:171: XPExpert.State.apply/2
    (xp_expert 0.1.0-555b6b6) lib/expert.ex:200: XPExpert.apply_to_state/2
    (xp_expert 0.1.0-555b6b6) lib/expert.ex:139: XPExpert.handle_notification/2

13:06:12.844 [debug] sent notification server -> client window/logMessage
13:06:12.844 [warning] client -> server notification crashed
13:06:12.847 [debug] sent notification server -> client window/logMessage
13:06:12.847 [info] Shutting down
13:06:12.848 [error] ** (XPGenLSP.InvalidResponse) Invalid response for request shutdown.

Response: {:ok, nil}
Errors: "expected either null or a %XPGenLSP.ErrorResponse{}"

13:06:12.848 [debug] handled request client -> server shutdown in 7ms
13:06:12.850 [info] SIGTERM received - shutting down

